<?xml version="1.0" encoding="UTF-8"?>
<!-- Generated by org.testng.reporters.JUnitReportReporter -->
<testsuite hostname="PAL-BLR-SHWETHA" name="ExtentReport.ExtentReportsClass" tests="43" failures="0" timestamp="17 Mar 2021 05:38:50 GMT" time="3258.314" errors="1">
  <testcase name="HPGwithAzureAndO365" time="86.894" classname="ExtentReport.ExtentReportsClass"/>
  <testcase name="Simens7withAws" time="85.887" classname="ExtentReport.ExtentReportsClass"/>
  <testcase name="GodigitAzureO365" time="98.321" classname="ExtentReport.ExtentReportsClass"/>
  <testcase name="Integra" time="84.006" classname="ExtentReport.ExtentReportsClass"/>
  <testcase name="DHL2" time="89.048" classname="ExtentReport.ExtentReportsClass"/>
  <testcase name="CommonsaaslecwipfliWithO365" time="55.460" classname="ExtentReport.ExtentReportsClass"/>
  <testcase name="SpiGlobalWithAzureAndO365" time="53.615" classname="ExtentReport.ExtentReportsClass"/>
  <testcase name="PaladionNetworksWithAzureAndOffice365" time="55.944" classname="ExtentReport.ExtentReportsClass"/>
  <testcase name="ASGWithAws" time="87.112" classname="ExtentReport.ExtentReportsClass"/>
  <testcase name="WipfliLLPWithAzureAndO365" time="85.807" classname="ExtentReport.ExtentReportsClass"/>
  <testcase name="Simens9WithAws" time="85.869" classname="ExtentReport.ExtentReportsClass"/>
  <testcase name="AlMuhaidib" time="85.447" classname="ExtentReport.ExtentReportsClass"/>
  <testcase name="PaladionNetworksWithAws" time="85.403" classname="ExtentReport.ExtentReportsClass"/>
  <testcase name="ASMShippingwithAzureO365" time="89.379" classname="ExtentReport.ExtentReportsClass"/>
  <testcase name="IslamicDevelopmentBankWithAzure" time="32.509" classname="ExtentReport.ExtentReportsClass"/>
  <testcase name="TrainzWithAzure" time="83.750" classname="ExtentReport.ExtentReportsClass"/>
  <testcase name="PaladionNetworksWithAzure" time="57.189" classname="ExtentReport.ExtentReportsClass"/>
  <testcase name="McguirewithAzureAndO365" time="55.612" classname="ExtentReport.ExtentReportsClass"/>
  <testcase name="Simens5withAws" time="84.771" classname="ExtentReport.ExtentReportsClass"/>
  <testcase name="CommonsaaslecindwithO365" time="86.244" classname="ExtentReport.ExtentReportsClass"/>
  <testcase name="MCGUIREwithAws" time="58.927" classname="ExtentReport.ExtentReportsClass"/>
  <testcase name="Simens6withAws" time="86.441" classname="ExtentReport.ExtentReportsClass"/>
  <testcase name="GoDigitWithAWS" time="83.761" classname="ExtentReport.ExtentReportsClass"/>
  <testcase name="ThomasCookWithAws" time="85.453" classname="ExtentReport.ExtentReportsClass"/>
  <testcase name="Simens2withAws" time="84.685" classname="ExtentReport.ExtentReportsClass"/>
  <testcase name="PepperIndiawithAzureO365" time="48.797" classname="ExtentReport.ExtentReportsClass"/>
  <testcase name="UtkarshBankWithAzure" time="51.058" classname="ExtentReport.ExtentReportsClass"/>
  <testcase name="UnicoilWithAzure" time="86.452" classname="ExtentReport.ExtentReportsClass"/>
  <testcase name="Commonsaaslecpocusa" time="88.081" classname="ExtentReport.ExtentReportsClass"/>
  <testcase name="Godrej541586383052WithAWS" time="85.316" classname="ExtentReport.ExtentReportsClass"/>
  <testcase name="SPIGlobalWithAWS" time="84.123" classname="ExtentReport.ExtentReportsClass"/>
  <testcase name="Integra2" time="85.787" classname="ExtentReport.ExtentReportsClass"/>
  <testcase name="UtilitySupplyandConstructionWithAzure" time="104.150" classname="ExtentReport.ExtentReportsClass"/>
  <testcase name="DHL3" time="97.621" classname="ExtentReport.ExtentReportsClass"/>
  <testcase name="Simens1withAws" time="87.417" classname="ExtentReport.ExtentReportsClass"/>
  <testcase name="Simens4withAws" time="49.090" classname="ExtentReport.ExtentReportsClass"/>
  <testcase name="Simens8withAws" time="85.434" classname="ExtentReport.ExtentReportsClass"/>
  <testcase name="Simens3withAws" time="86.722" classname="ExtentReport.ExtentReportsClass"/>
  <testcase name="Godrej534455632755WithAWS" time="57.520" classname="ExtentReport.ExtentReportsClass"/>
  <testcase name="DHL1" time="57.415" classname="ExtentReport.ExtentReportsClass"/>
  <testcase name="CommonsaaslecusawithO365" time="87.511" classname="ExtentReport.ExtentReportsClass"/>
  <testcase name="GoDigitAzureAndO365" time="0.000" classname="ExtentReport.ExtentReportsClass">
    <error type="java.lang.RuntimeException" message="java.lang.NullPointerException">
      <![CDATA[java.lang.RuntimeException: java.lang.NullPointerException
	at org.testng.internal.MethodInvocationHelper.invokeMethodNoCheckedException(MethodInvocationHelper.java:45)
	at org.testng.internal.MethodInvocationHelper.invokeDataProvider(MethodInvocationHelper.java:110)
	at org.testng.internal.Parameters.handleParameters(Parameters.java:429)
	at org.testng.internal.Invoker.handleParameters(Invoker.java:1240)
	at org.testng.internal.Invoker.createParameters(Invoker.java:980)
	at org.testng.internal.Invoker.invokeTestMethods(Invoker.java:1070)
	at org.testng.internal.TestMethodWorker.invokeTestMethods(TestMethodWorker.java:129)
	at org.testng.internal.TestMethodWorker.run(TestMethodWorker.java:112)
	at org.testng.TestRunner.privateRun(TestRunner.java:746)
	at org.testng.TestRunner.run(TestRunner.java:600)
	at org.testng.SuiteRunner.runTest(SuiteRunner.java:366)
	at org.testng.SuiteRunner.runSequentially(SuiteRunner.java:361)
	at org.testng.SuiteRunner.privateRun(SuiteRunner.java:319)
	at org.testng.SuiteRunner.run(SuiteRunner.java:268)
	at org.testng.SuiteRunnerWorker.runSuite(SuiteRunnerWorker.java:52)
	at org.testng.SuiteRunnerWorker.run(SuiteRunnerWorker.java:86)
	at org.testng.TestNG.runSuitesSequentially(TestNG.java:1264)
	at org.testng.TestNG.runSuitesLocally(TestNG.java:1189)
	at org.testng.TestNG.runSuites(TestNG.java:1104)
	at org.testng.TestNG.run(TestNG.java:1076)
	at org.testng.remote.AbstractRemoteTestNG.run(AbstractRemoteTestNG.java:126)
	at org.testng.remote.RemoteTestNG.initAndRun(RemoteTestNG.java:152)
	at org.testng.remote.RemoteTestNG.main(RemoteTestNG.java:57)
Caused by: java.lang.NullPointerException
	at com.hcc.qa.util.ExcelDataReading.getTestData(ExcelDataReading.java:31)
	at ExtentReport.ExtentReportsClass.GoDigitAzureAndOffice365(ExtentReportsClass.java:364)
	at sun.reflect.NativeMethodAccessorImpl.invoke0(Native Method)
	at sun.reflect.NativeMethodAccessorImpl.invoke(NativeMethodAccessorImpl.java:62)
	at sun.reflect.DelegatingMethodAccessorImpl.invoke(DelegatingMethodAccessorImpl.java:43)
	at java.lang.reflect.Method.invoke(Method.java:498)
	at org.testng.internal.MethodInvocationHelper.invokeMethod(MethodInvocationHelper.java:100)
	at org.testng.internal.MethodInvocationHelper.invokeMethod(MethodInvocationHelper.java:51)
	at org.testng.internal.MethodInvocationHelper.invokeMethodNoCheckedException(MethodInvocationHelper.java:41)
	... 22 more
]]>
    </error>
  </testcase> <!-- GoDigitAzureAndO365 -->
  <testcase name="Godrej260379443925WithAWS" time="88.286" classname="ExtentReport.ExtentReportsClass"/>
</testsuite> <!-- ExtentReport.ExtentReportsClass -->
